2024-08-27 05:05:36,400 - ERROR - Unexpected error while creating storyboard: 'NoneType' object is not subscriptable
2024-08-27 05:06:21,840 - ERROR - Unexpected error while creating storyboard: 'NoneType' object is not subscriptable
2024-08-27 05:06:54,245 - ERROR - Unexpected error while creating storyboard: 'NoneType' object is not subscriptable
2024-08-27 05:07:46,240 - ERROR - Unexpected error while creating storyboard: 'NoneType' object is not subscriptable
2024-08-27 05:08:43,799 - ERROR - Unexpected error while creating storyboard: 'NoneType' object is not subscriptable
2024-08-27 05:09:42,274 - ERROR - Unexpected error while creating storyboard: 'NoneType' object is not subscriptable
2024-08-27 05:12:42,523 - ERROR - Unexpected error while creating storyboard: 'NoneType' object is not subscriptable
2024-08-27 05:12:57,377 - ERROR - Unexpected error while creating storyboard: 'NoneType' object is not subscriptable
2024-08-27 05:13:53,084 - ERROR - Unexpected error while creating storyboard: 'NoneType' object is not subscriptable
2024-08-27 05:14:35,558 - ERROR - Unexpected error while creating storyboard: 'NoneType' object is not subscriptable
2024-08-27 05:16:42,899 - ERROR - Unexpected error while creating storyboard: 1 validation error for StoryboardReturn
story
  Invalid JSON: expected value at line 1 column 1 [type=json_invalid, input_value='```json\n{\n  "timeline"..., "Ronny"]\n  }\n}\n```', input_type=str]
    For further information visit https://errors.pydantic.dev/2.7/v/json_invalid
2024-08-27 05:19:43,451 - ERROR - Unexpected error while creating storyboard: 1 validation error for StoryboardReturn
story
  Invalid JSON: expected value at line 1 column 1 [type=json_invalid, input_value='```json\n{\n  "timeline"...and Ronny"\n  }\n}\n```', input_type=str]
    For further information visit https://errors.pydantic.dev/2.7/v/json_invalid
2024-08-27 05:20:39,174 - ERROR - Unexpected error while creating storyboard: 1 validation error for StoryboardReturn
story
  Invalid JSON: expected value at line 1 column 1 [type=json_invalid, input_value='```json\n{\n  "timeline"..., "Ronny"]\n  }\n}\n```', input_type=str]
    For further information visit https://errors.pydantic.dev/2.7/v/json_invalid
2024-08-27 05:20:51,509 - ERROR - Unexpected error while creating storyboard: 1 validation error for StoryboardReturn
story
  Invalid JSON: expected value at line 1 column 1 [type=json_invalid, input_value='```json\n{\n  "timeline"...and Ronny"\n  }\n}\n```', input_type=str]
    For further information visit https://errors.pydantic.dev/2.7/v/json_invalid
2024-08-27 05:21:12,056 - ERROR - Unexpected error while creating storyboard: 1 validation error for StoryboardReturn
story
  Invalid JSON: expected value at line 1 column 1 [type=json_invalid, input_value='line": {\n    "time": "2...es": "John and Ronny"\n', input_type=str]
    For further information visit https://errors.pydantic.dev/2.7/v/json_invalid
2024-08-27 05:21:59,720 - ERROR - Unexpected error while creating storyboard: 1 validation error for StoryboardReturn
story
  Invalid JSON: trailing characters at line 2 column 13 [type=json_invalid, input_value='\n  "timeline": {\n    "..."John and Ronny"\n  }\n', input_type=str]
    For further information visit https://errors.pydantic.dev/2.7/v/json_invalid
2024-08-27 05:22:27,542 - ERROR - Unexpected error while creating storyboard: 1 validation error for StoryboardReturn
story
  Invalid JSON: trailing characters at line 2 column 13 [type=json_invalid, input_value='\n  "timeline": {\n    "...hn and Ronny"\n  }\n}\n', input_type=str]
    For further information visit https://errors.pydantic.dev/2.7/v/json_invalid
2024-08-27 05:23:41,233 - ERROR - Unexpected error while creating storyboard: 1 validation error for StoryboardReturn
story
  Invalid JSON: trailing characters at line 1 column 13 [type=json_invalid, input_value='  "timeline": {    "time...: ["John", "Ronny"]  }}', input_type=str]
    For further information visit https://errors.pydantic.dev/2.7/v/json_invalid
2024-08-27 05:24:44,186 - ERROR - Unexpected error while creating storyboard: Extra data: line 1 column 13 (char 12)
2024-08-27 05:27:16,119 - ERROR - Unexpected error while creating storyboard: Expecting value: line 1 column 1 (char 0)
2024-08-27 05:27:39,544 - ERROR - Unexpected error while creating storyboard: Extra data: line 1 column 13 (char 12)
2024-08-27 05:28:02,668 - ERROR - Unexpected error while creating storyboard: Extra data: line 1 column 13 (char 12)
2024-08-27 05:28:16,529 - ERROR - Unexpected error while creating storyboard: Extra data: line 1 column 13 (char 12)
2024-08-27 05:28:32,268 - ERROR - Unexpected error while creating storyboard: 1 validation error for StoryboardReturn
story
  JSON input should be string, bytes or bytearray [type=json_type, input_value={'timeline': {'time': '27...ies': 'John and Ronny'}}, input_type=dict]
    For further information visit https://errors.pydantic.dev/2.7/v/json_type
2024-08-27 05:29:01,093 - ERROR - Unexpected error while creating storyboard: 1 validation error for StoryboardReturn
story
  Invalid JSON: key must be a string at line 1 column 2 [type=json_invalid, input_value="{'timeline': {'time': '2...s': ['John', 'Ronny']}}", input_type=str]
    For further information visit https://errors.pydantic.dev/2.7/v/json_invalid
2024-08-27 05:30:54,649 - ERROR - Unexpected error while creating storyboard: Expecting value: line 1 column 1 (char 0)
2024-08-27 05:36:25,972 - ERROR - Unexpected error while creating storyboard: 1 validation error for StoryboardReturn
story
  JSON input should be string, bytes or bytearray [type=json_type, input_value={'timeline': {'time': '27...ies': 'John and Ronny'}}, input_type=dict]
    For further information visit https://errors.pydantic.dev/2.7/v/json_type
2024-08-27 06:07:45,737 - ERROR - Unexpected error while creating storyboard: 1 validation error for StoryboardReturn
story
  JSON input should be string, bytes or bytearray [type=json_type, input_value={'timeline': {'time': '27...ies': 'John and Ronny'}}, input_type=dict]
    For further information visit https://errors.pydantic.dev/2.7/v/json_type
2024-08-27 06:09:59,198 - ERROR - Unexpected error while creating storyboard: 1 validation error for StoryboardReturn
story
  Invalid JSON: expected value at line 1 column 1 [type=json_invalid, input_value='Given that today is 27th... ["John", "comack"]  }}', input_type=str]
    For further information visit https://errors.pydantic.dev/2.7/v/json_invalid
2024-08-27 06:13:11,201 - ERROR - Unexpected error while creating storyboard: 'NoneType' object is not subscriptable
2024-08-29 10:18:01,963 - ERROR - Unexpected error while creating storyboard: Timeline.serialize() missing 1 required positional argument: 'self'
